<?xml version="1.0" encoding="UTF-8"?>
<testsuite xmlns:xsi="http://www.w3.org/2001/XMLSchema-instance" xsi:noNamespaceSchemaLocation="https://maven.apache.org/surefire/maven-surefire-plugin/xsd/surefire-test-report.xsd" name="StepDefinition5.TestRunner" time="1.185" tests="3" errors="0" skipped="0" failures="0">
  <properties>
[...]
</properties>
  <testcase name="Validate the login functionality with correct username and password #1" classname="Validate the Login Scenario" time="0.147"/>
  <testcase name="Validate the login functionality with correct username and password #2" classname="Validate the Login Scenario" time="0.03"/>
  <testcase name="Validate the login functionality with correct username and password" classname="Validate the Login Scenario and check Correct Navigations" time="0.017"/>
</testsuite>